<?xml version="1.0" encoding="UTF-8"?>
<!-- Generated by org.testng.reporters.JUnitReportReporter -->
<testsuite hostname="TYSS-Akash-Deb" failures="0" tests="1" name="com.qsp.vtiger.leads.ToCreateALeadTest" time="23.496" errors="0" timestamp="26 Aug 2023 10:56:50 GMT" skipped="0">
  <testcase classname="com.qsp.vtiger.leads.ToCreateALeadTest" name="toCreateALeadAndVerifyTheLeadDetails" time="23.496"/>
</testsuite> <!-- com.qsp.vtiger.leads.ToCreateALeadTest -->
