<?xml version="1.0" encoding="UTF-8"?>
<!-- Generated by org.testng.reporters.JUnitReportReporter -->
<testsuite hostname="TYSS-Akash-Deb" failures="0" tests="1" name="com.qsp.vtiger.products.CreateProductTest" time="14.771" errors="0" timestamp="02 Sep 2023 10:49:03 GMT" skipped="0">
  <testcase classname="com.qsp.vtiger.products.CreateProductTest" name="createProductAndVerifyProductInformation" time="14.771"/>
</testsuite> <!-- com.qsp.vtiger.products.CreateProductTest -->
